<?xml version="1.0" encoding="UTF-8"?>
<!-- Generated by org.testng.reporters.JUnitReportReporter -->
<testsuite hostname="NumPc" name="com.automation.xero.testcases.XeroTest" tests="1" failures="0" timestamp="16 Apr 2018 04:45:46 GMT" time="46.307" errors="0">
  <testcase name="addOrg1" time="46.307" classname="com.automation.xero.testcases.XeroTest"/>
</testsuite> <!-- com.automation.xero.testcases.XeroTest -->
