<?xml version="1.0" encoding="UTF-8"?>
<!-- Generated by org.testng.reporters.JUnitReportReporter -->
<testsuite hostname="NumPc" name="com.automation.xero.testcases.XeroTestCases" tests="1" failures="0" timestamp="14 Apr 2018 19:13:36 GMT" time="27.572" errors="0">
  <testcase name="loginXero" time="27.572" classname="com.automation.xero.testcases.XeroTestCases"/>
</testsuite> <!-- com.automation.xero.testcases.XeroTestCases -->
