<?xml version="1.0" encoding="UTF-8"?>
<!-- Generated by org.testng.reporters.JUnitReportReporter -->
<testsuite hostname="NumPc" name="com.automation.xero.base.DriverFile" tests="1" failures="0" timestamp="17 Apr 2018 16:52:04 GMT" time="255.780" errors="0">
  <testcase name="runTestSuit" time="255.780" classname="com.automation.xero.base.DriverFile"/>
</testsuite> <!-- com.automation.xero.base.DriverFile -->
