<?xml version="1.0" encoding="UTF-8"?>
<!-- Generated by org.testng.reporters.JUnitReportReporter -->
<testsuite hostname="NumPc" name="com.automation.xero.testcases.XeroTest" tests="1" failures="0" timestamp="19 Apr 2018 20:09:11 GMT" time="46.184" errors="0">
  <testcase name="loginXero" time="46.184" classname="com.automation.xero.testcases.XeroTest"/>
</testsuite> <!-- com.automation.xero.testcases.XeroTest -->
