<?xml version="1.0" encoding="UTF-8"?>
<!-- Generated by org.testng.reporters.JUnitReportReporter -->
<testsuite hostname="NumPc" name="com.automation.xero.testcases.XeroTest" tests="2" failures="0" timestamp="15 Apr 2018 20:56:39 GMT" time="84.500" errors="0">
  <testcase name="loginXero" time="40.206" classname="com.automation.xero.testcases.XeroTest"/>
  <testcase name="loginXero" time="44.294" classname="com.automation.xero.testcases.XeroTest"/>
</testsuite> <!-- com.automation.xero.testcases.XeroTest -->
